2025-04-07 03:10:06 [main] INFO  c.e.u.UserServiceApplication:51 - Starting UserServiceApplication using Java 17.0.4.1 with PID 16848 (C:\Users\DELL\YUVRAJ\YUVRAJ-FOLDER\productMonth\sampleServiceJava\user-service\target\classes started by DELL in C:\Users\DELL\YUVRAJ\YUVRAJ-FOLDER\productMonth\sampleServiceJava\user-service)
2025-04-07 03:10:06 [main] INFO  c.e.u.UserServiceApplication:633 - No active profile set, falling back to 1 default profile: "default"
2025-04-07 03:10:07 [main] INFO  o.s.cloud.context.scope.GenericScope:282 - BeanFactory id=f335cdc9-8240-34e3-834a-a6cbaa048f45
2025-04-07 03:10:08 [main] INFO  o.s.c.s.PostProcessorRegistrationDelegate$BeanPostProcessorChecker:409 - Bean 'com.example.userservice.service.ProductServiceClient' of type [org.springframework.cloud.openfeign.FeignClientFactoryBean] is not eligible for getting processed by all BeanPostProcessors (for example: not eligible for auto-proxying)
2025-04-07 03:10:08 [main] INFO  o.s.b.w.e.tomcat.TomcatWebServer:108 - Tomcat initialized with port(s): 8080 (http)
2025-04-07 03:10:08 [main] INFO  o.a.coyote.http11.Http11NioProtocol:173 - Initializing ProtocolHandler ["http-nio-8080"]
2025-04-07 03:10:08 [main] INFO  o.a.catalina.core.StandardService:173 - Starting service [Tomcat]
2025-04-07 03:10:08 [main] INFO  o.a.catalina.core.StandardEngine:173 - Starting Servlet engine: [Apache Tomcat/10.1.8]
2025-04-07 03:10:08 [main] INFO  o.a.c.c.C.[Tomcat].[localhost].[/]:173 - Initializing Spring embedded WebApplicationContext
2025-04-07 03:10:08 [main] INFO  o.s.b.w.s.c.ServletWebServerApplicationContext:291 - Root WebApplicationContext: initialization completed in 2500 ms
2025-04-07 03:10:10 [main] INFO  o.s.b.a.e.web.EndpointLinksResolver:58 - Exposing 1 endpoint(s) beneath base path '/actuator'
2025-04-07 03:10:10 [main] INFO  o.a.coyote.http11.Http11NioProtocol:173 - Starting ProtocolHandler ["http-nio-8080"]
2025-04-07 03:10:10 [main] INFO  o.s.b.w.e.tomcat.TomcatWebServer:220 - Tomcat started on port(s): 8080 (http) with context path ''
2025-04-07 03:10:10 [main] INFO  c.e.u.UserServiceApplication:57 - Started UserServiceApplication in 5.533 seconds (process running for 6.498)
2025-04-07 03:11:15 [http-nio-8080-exec-2] INFO  o.a.c.c.C.[Tomcat].[localhost].[/]:173 - Initializing Spring DispatcherServlet 'dispatcherServlet'
2025-04-07 03:11:15 [http-nio-8080-exec-2] INFO  o.s.web.servlet.DispatcherServlet:532 - Initializing Servlet 'dispatcherServlet'
2025-04-07 03:11:15 [http-nio-8080-exec-2] INFO  o.s.web.servlet.DispatcherServlet:554 - Completed initialization in 3 ms
2025-04-07 03:11:15 [http-nio-8080-exec-2] INFO  c.e.u.controller.UserController:60 - Health check for User Service
2025-04-07 03:11:26 [http-nio-8080-exec-5] INFO  c.e.u.controller.UserController:26 - Fetching users
2025-04-07 03:11:44 [http-nio-8080-exec-8] INFO  c.e.u.controller.UserController:36 - Fetching users with products
2025-04-07 03:11:44 [http-nio-8080-exec-8] ERROR c.e.u.controller.UserController:50 - Error in /users/with-products endpoint
java.lang.NullPointerException: Cannot invoke "Object.toString()" because "nullObj" is null
	at com.example.userservice.controller.UserController.getUsersWithProducts(UserController.java:40)
	at java.base/jdk.internal.reflect.NativeMethodAccessorImpl.invoke0(Native Method)
	at java.base/jdk.internal.reflect.NativeMethodAccessorImpl.invoke(NativeMethodAccessorImpl.java:77)
	at java.base/jdk.internal.reflect.DelegatingMethodAccessorImpl.invoke(DelegatingMethodAccessorImpl.java:43)
	at java.base/java.lang.reflect.Method.invoke(Method.java:568)
	at org.springframework.web.method.support.InvocableHandlerMethod.doInvoke(InvocableHandlerMethod.java:207)
	at org.springframework.web.method.support.InvocableHandlerMethod.invokeForRequest(InvocableHandlerMethod.java:152)
	at org.springframework.web.servlet.mvc.method.annotation.ServletInvocableHandlerMethod.invokeAndHandle(ServletInvocableHandlerMethod.java:118)
	at org.springframework.web.servlet.mvc.method.annotation.RequestMappingHandlerAdapter.invokeHandlerMethod(RequestMappingHandlerAdapter.java:884)
	at org.springframework.web.servlet.mvc.method.annotation.RequestMappingHandlerAdapter.handleInternal(RequestMappingHandlerAdapter.java:797)
	at org.springframework.web.servlet.mvc.method.AbstractHandlerMethodAdapter.handle(AbstractHandlerMethodAdapter.java:87)
	at org.springframework.web.servlet.DispatcherServlet.doDispatch(DispatcherServlet.java:1081)
	at org.springframework.web.servlet.DispatcherServlet.doService(DispatcherServlet.java:974)
	at org.springframework.web.servlet.FrameworkServlet.processRequest(FrameworkServlet.java:1011)
	at org.springframework.web.servlet.FrameworkServlet.doGet(FrameworkServlet.java:903)
	at jakarta.servlet.http.HttpServlet.service(HttpServlet.java:564)
	at org.springframework.web.servlet.FrameworkServlet.service(FrameworkServlet.java:885)
	at jakarta.servlet.http.HttpServlet.service(HttpServlet.java:658)
	at org.apache.catalina.core.ApplicationFilterChain.internalDoFilter(ApplicationFilterChain.java:205)
	at org.apache.catalina.core.ApplicationFilterChain.doFilter(ApplicationFilterChain.java:149)
	at org.apache.tomcat.websocket.server.WsFilter.doFilter(WsFilter.java:51)
	at org.apache.catalina.core.ApplicationFilterChain.internalDoFilter(ApplicationFilterChain.java:174)
	at org.apache.catalina.core.ApplicationFilterChain.doFilter(ApplicationFilterChain.java:149)
	at org.springframework.web.filter.RequestContextFilter.doFilterInternal(RequestContextFilter.java:100)
	at org.springframework.web.filter.OncePerRequestFilter.doFilter(OncePerRequestFilter.java:116)
	at org.apache.catalina.core.ApplicationFilterChain.internalDoFilter(ApplicationFilterChain.java:174)
	at org.apache.catalina.core.ApplicationFilterChain.doFilter(ApplicationFilterChain.java:149)
	at org.springframework.web.filter.FormContentFilter.doFilterInternal(FormContentFilter.java:93)
	at org.springframework.web.filter.OncePerRequestFilter.doFilter(OncePerRequestFilter.java:116)
	at org.apache.catalina.core.ApplicationFilterChain.internalDoFilter(ApplicationFilterChain.java:174)
	at org.apache.catalina.core.ApplicationFilterChain.doFilter(ApplicationFilterChain.java:149)
	at org.springframework.web.filter.ServerHttpObservationFilter.doFilterInternal(ServerHttpObservationFilter.java:109)
	at org.springframework.web.filter.OncePerRequestFilter.doFilter(OncePerRequestFilter.java:116)
	at org.apache.catalina.core.ApplicationFilterChain.internalDoFilter(ApplicationFilterChain.java:174)
	at org.apache.catalina.core.ApplicationFilterChain.doFilter(ApplicationFilterChain.java:149)
	at org.springframework.web.filter.CharacterEncodingFilter.doFilterInternal(CharacterEncodingFilter.java:201)
	at org.springframework.web.filter.OncePerRequestFilter.doFilter(OncePerRequestFilter.java:116)
	at org.apache.catalina.core.ApplicationFilterChain.internalDoFilter(ApplicationFilterChain.java:174)
	at org.apache.catalina.core.ApplicationFilterChain.doFilter(ApplicationFilterChain.java:149)
	at org.apache.catalina.core.StandardWrapperValve.invoke(StandardWrapperValve.java:166)
	at org.apache.catalina.core.StandardContextValve.invoke(StandardContextValve.java:90)
	at org.apache.catalina.authenticator.AuthenticatorBase.invoke(AuthenticatorBase.java:482)
	at org.apache.catalina.core.StandardHostValve.invoke(StandardHostValve.java:115)
	at org.apache.catalina.valves.ErrorReportValve.invoke(ErrorReportValve.java:93)
	at org.apache.catalina.core.StandardEngineValve.invoke(StandardEngineValve.java:74)
	at org.apache.catalina.connector.CoyoteAdapter.service(CoyoteAdapter.java:341)
	at org.apache.coyote.http11.Http11Processor.service(Http11Processor.java:390)
	at org.apache.coyote.AbstractProcessorLight.process(AbstractProcessorLight.java:63)
	at org.apache.coyote.AbstractProtocol$ConnectionHandler.process(AbstractProtocol.java:894)
	at org.apache.tomcat.util.net.NioEndpoint$SocketProcessor.doRun(NioEndpoint.java:1741)
	at org.apache.tomcat.util.net.SocketProcessorBase.run(SocketProcessorBase.java:52)
	at org.apache.tomcat.util.threads.ThreadPoolExecutor.runWorker(ThreadPoolExecutor.java:1191)
	at org.apache.tomcat.util.threads.ThreadPoolExecutor$Worker.run(ThreadPoolExecutor.java:659)
	at org.apache.tomcat.util.threads.TaskThread$WrappingRunnable.run(TaskThread.java:61)
	at java.base/java.lang.Thread.run(Thread.java:833)
